Arguments: 
  /Users/pengliheng/.nvm/versions/node/v12.20.1/bin/node /usr/local/Cellar/yarn/1.22.10/libexec/bin/yarn.js add /

PATH: 
  /Users/pengliheng/.rvm/gems/ruby-3.0.0/bin:/Users/pengliheng/.rvm/gems/ruby-3.0.0@global/bin:/Users/pengliheng/.rvm/rubies/ruby-3.0.0/bin:/Users/pengliheng/.nvm/versions/node/v12.20.1/bin:/usr/local/bin:/usr/bin:/bin:/usr/sbin:/sbin:/Applications/VMware Fusion.app/Contents/Public:/Library/Apple/usr/bin:/Users/pengliheng/.rvm/gems/ruby-3.0.0/bin:/Users/pengliheng/.rvm/gems/ruby-3.0.0@global/bin:/Users/pengliheng/.rvm/rubies/ruby-3.0.0/bin:/Users/pengliheng/.nvm/versions/node/v12.20.1/bin:/Users/pengliheng/Library/Android/sdk/emulator:/Users/pengliheng/Library/Android/sdk/tools:/Users/pengliheng/Library/Android/sdk/tools/bin:/Users/pengliheng/Library/Android/sdk/platform-tools:/Users/pengliheng/.rvm/bin:/Users/pengliheng/Library/Android/sdk/build-tools/30.0.3:/Users/pengliheng/Library/Android/sdk/emulator:/Users/pengliheng/Library/Android/sdk/tools:/Users/pengliheng/Library/Android/sdk/tools/bin:/Users/pengliheng/Library/Android/sdk/platform-tools:/Users/pengliheng/.rvm/bin:/Users/pengliheng/Library/Android/sdk/build-tools/30.0.3

Yarn version: 
  1.22.10

Node version: 
  12.20.1

Platform: 
  darwin x64

Trace: 
  Error: unsure how to copy this: /dev/afsc_type5
      at /usr/local/Cellar/yarn/1.22.10/libexec/lib/cli.js:1089:17
      at Generator.throw (<anonymous>)
      at step (/usr/local/Cellar/yarn/1.22.10/libexec/lib/cli.js:310:30)
      at /usr/local/Cellar/yarn/1.22.10/libexec/lib/cli.js:323:13

npm manifest: 
  {
      "name": "@pengliheng/static-server",
      "version": "1.1.1",
      "main": "hs.js",
      "license": "MIT",
      "bin": "bin/hs.js",
      "dependencies": {
          "@pengliheng/static-server": "^1.1.1",
          "md5": "^2.3.0",
          "mime": "^3.0.0"
      },
      "scripts": {
          "hs": "npx which http-server"
      },
      "devDependencies": {},
      "repository": {
          "type": "git",
          "url": "git+https://github.com/pengliheng/static-serve.git"
      },
      "author": "",
      "bugs": {
          "url": "https://github.com/pengliheng/static-serve/issues"
      },
      "homepage": "https://github.com/pengliheng/static-serve#readme",
      "description": "static serve"
  }

yarn manifest: 
  No manifest

Lockfile: 
  # THIS IS AN AUTOGENERATED FILE. DO NOT EDIT THIS FILE DIRECTLY.
  # yarn lockfile v1
  
  
  "@pengliheng/static-server@^1.1.1":
    version "1.1.1"
    resolved "https://registry.yarnpkg.com/@pengliheng/static-server/-/static-server-1.1.1.tgz#90aa606b94a36042ea85375d3671755c1d88abbb"
    integrity sha512-NdEJTAmW2CjkynyZG39l+PSQFYnKKMKv4346SeaUsaXatmiewa4PTlGeyLY/wJbqCWvL9yrYetW+NFxRJN9RfQ==
    dependencies:
      "@pengliheng/static-server" "file:."
      md5 "^2.3.0"
      mime "^3.0.0"
  
  "@pengliheng/static-server@file:.":
    version "1.1.1"
    dependencies:
      "@pengliheng/static-server" "file:."
      md5 "^2.3.0"
      mime "^3.0.0"
  
  charenc@0.0.2:
    version "0.0.2"
    resolved "https://registry.yarnpkg.com/charenc/-/charenc-0.0.2.tgz#c0a1d2f3a7092e03774bfa83f14c0fc5790a8667"
    integrity sha1-wKHS86cJLgN3S/qD8UwPxXkKhmc=
  
  crypt@0.0.2:
    version "0.0.2"
    resolved "https://registry.yarnpkg.com/crypt/-/crypt-0.0.2.tgz#88d7ff7ec0dfb86f713dc87bbb42d044d3e6c41b"
    integrity sha1-iNf/fsDfuG9xPch7u0LQRNPmxBs=
  
  is-buffer@~1.1.6:
    version "1.1.6"
    resolved "https://registry.yarnpkg.com/is-buffer/-/is-buffer-1.1.6.tgz#efaa2ea9daa0d7ab2ea13a97b2b8ad51fefbe8be"
    integrity sha512-NcdALwpXkTm5Zvvbk7owOUSvVvBKDgKP5/ewfXEznmQFfs4ZRmanOeKBTjRVjka3QFoN6XJ+9F3USqfHqTaU5w==
  
  md5@^2.3.0:
    version "2.3.0"
    resolved "https://registry.yarnpkg.com/md5/-/md5-2.3.0.tgz#c3da9a6aae3a30b46b7b0c349b87b110dc3bda4f"
    integrity sha512-T1GITYmFaKuO91vxyoQMFETst+O71VUPEU3ze5GNzDm0OWdP8v1ziTaAEPUr/3kLsY3Sftgz242A1SetQiDL7g==
    dependencies:
      charenc "0.0.2"
      crypt "0.0.2"
      is-buffer "~1.1.6"
  
  mime@^3.0.0:
    version "3.0.0"
    resolved "https://registry.yarnpkg.com/mime/-/mime-3.0.0.tgz#b374550dca3a0c18443b0c950a6a58f1931cf7a7"
    integrity sha512-jSCU7/VB1loIWBZe14aEYHU/+1UMEHoaO7qxCOVJOw9GgH72VAWppxNcjU+x9a2k3GSIBXNKxXQFqRvvZ7vr3A==
